<?xml version="1.0" encoding="UTF-8"?>
<testsuite name="restfulwebservice.WorkplaceSpec" tests="8" skipped="0" failures="0" errors="0" timestamp="2019-05-05T04:28:24" hostname="JaybriesMacBook" time="0.103">
  <properties/>
  <testcase name="test cmpCode cannot be blank then validate value" classname="restfulwebservice.WorkplaceSpec" time="0.041"/>
  <testcase name="test cmpCode cannot be null then validate value" classname="restfulwebservice.WorkplaceSpec" time="0.008"/>
  <testcase name="test cmpName can be null" classname="restfulwebservice.WorkplaceSpec" time="0.01"/>
  <testcase name="test cmpName can be blank" classname="restfulwebservice.WorkplaceSpec" time="0.008"/>
  <testcase name="test ctyCode cannot be blank" classname="restfulwebservice.WorkplaceSpec" time="0.009"/>
  <testcase name="test ctyCode cannot be null" classname="restfulwebservice.WorkplaceSpec" time="0.009"/>
  <testcase name="test ctyDesc can be null" classname="restfulwebservice.WorkplaceSpec" time="0.007"/>
  <testcase name="test ctyDesc can be blank" classname="restfulwebservice.WorkplaceSpec" time="0.008"/>
  <system-out><![CDATA[]]></system-out>
  <system-err><![CDATA[]]></system-err>
</testsuite>
